Starting the Apache2.2 service
The Apache2.2 service is running.
rmine the server's fully qualified domain name, using 192.168.7.169 for ServerName
[Wed Mar 17 09:27:44 2010] [notice] Apache/2.2.15 (Win32) configured -- resuming normal operations
[Wed Mar 17 09:27:44 2010] [notice] Server built: Mar  4 2010 11:27:46
[Wed Mar 17 09:27:44 2010] [notice] Parent: Created child process 2072
httpd.exe: Could not reliably determine the server's fully qualified domain name, using 192.168.7.169 for ServerName
httpd.exe: Could not reliably determine the server's fully qualified domain name, using 192.168.7.169 for ServerName
[Wed Mar 17 09:27:45 2010] [notice] Child 2072: Child process is running
[Wed Mar 17 09:27:45 2010] [notice] Child 2072: Acquired the start mutex.
[Wed Mar 17 09:27:45 2010] [notice] Child 2072: Starting 64 worker threads.
[Wed Mar 17 09:27:45 2010] [notice] Child 2072: Starting thread to listen on port 80.
httpd.exe: Could not reliably determine the server's fully qualified domain name, using 192.168.7.169 for ServerName
[Wed Mar 17 09:46:18 2010] [warn] pid file C:/wamp/apache/logs/httpd.pid overwritten -- Unclean shutdown of previous Apache run?
[Wed Mar 17 09:46:18 2010] [notice] Apache/2.2.15 (Win32) configured -- resuming normal operations
[Wed Mar 17 09:46:18 2010] [notice] Server built: Mar  4 2010 11:27:46
[Wed Mar 17 09:46:18 2010] [notice] Parent: Created child process 1440
httpd.exe: Could not reliably determine the server's fully qualified domain name, using 192.168.7.169 for ServerName
Apache server interrupted...
 determine the server's fully qualified domain name, using 192.168.7.169 for ServerName
[Wed Mar 17 09:46:18 2010] [notice] Child 1440: Child process is running
[Wed Mar 17 09:46:18 2010] [notice] Child 1440: Acquired the start mutex.
[Wed Mar 17 09:46:18 2010] [notice] Child 1440: Starting 64 worker threads.
[Wed Mar 17 09:46:19 2010] [notice] Child 1440: Starting thread to listen on port 80.
[Wed Mar 17 09:48:47 2010] [notice] Parent: Received shutdown signal -- Shutting down the server.
[Wed Mar 17 09:48:47 2010] [notice] Child 1440: Exit event signaled. Child process is ending.
[Wed Mar 17 09:48:48 2010] [notice] Child 1440: Released the start mutex
[Wed Mar 17 09:48:49 2010] [notice] Child 1440: All worker threads have exited.
[Wed Mar 17 09:48:49 2010] [notice] Child 1440: Child process is exiting
[Wed Mar 17 09:48:49 2010] [notice] Parent: Child process exited successfully.
httpd.exe: Could not reliably determine the server's fully qualified domain name, using 192.168.7.169 for ServerName
[Wed Mar 17 09:58:58 2010] [notice] Apache/2.2.15 (Win32) configured -- resuming normal operations
[Wed Mar 17 09:58:58 2010] [notice] Server built: Mar  4 2010 11:27:46
[Wed Mar 17 09:58:58 2010] [notice] Parent: Created child process 3088
httpd.exe: Could not reliably determine the server's fully qualified domain name, using 192.168.7.169 for ServerName
httpd.exe: Could not reliably determine the server's fully qualified domain name, using 192.168.7.169 for ServerName
[Wed Mar 17 09:58:58 2010] [notice] Child 3088: Child process is running
[Wed Mar 17 09:58:58 2010] [notice] Child 3088: Acquired the start mutex.
[Wed Mar 17 09:58:58 2010] [notice] Child 3088: Starting 64 worker threads.
[Wed Mar 17 09:58:58 2010] [notice] Child 3088: Starting thread to listen on port 80.
[Wed Mar 17 09:59:46 2010] [notice] Parent: Received shutdown signal -- Shutting down the server.
[Wed Mar 17 09:59:46 2010] [notice] Child 3088: Exit event signaled. Child process is ending.
[Wed Mar 17 09:59:47 2010] [notice] Child 3088: Released the start mutex
[Wed Mar 17 09:59:48 2010] [notice] Child 3088: All worker threads have exited.
[Wed Mar 17 09:59:48 2010] [notice] Child 3088: Child process is exiting
[Wed Mar 17 09:59:48 2010] [notice] Parent: Child process exited successfully.
httpd.exe: Could not reliably determine the server's fully qualified domain name, using 192.168.7.169 for ServerName
[Wed Mar 17 10:13:48 2010] [notice] Apache/2.2.15 (Win32) configured -- resuming normal operations
[Wed Mar 17 10:13:48 2010] [notice] Server built: Mar  4 2010 11:27:46
[Wed Mar 17 10:13:48 2010] [notice] Parent: Created child process 1072
httpd.exe: Could not reliably determine the server's fully qualified domain name, using 192.168.7.169 for ServerName
httpd.exe: Could not reliably determine the server's fully qualified domain name, using 192.168.7.169 for ServerName
[Wed Mar 17 10:13:49 2010] [notice] Child 1072: Child process is running
[Wed Mar 17 10:13:49 2010] [notice] Child 1072: Acquired the start mutex.
[Wed Mar 17 10:13:49 2010] [notice] Child 1072: Starting 64 worker threads.
[Wed Mar 17 10:13:49 2010] [notice] Child 1072: Starting thread to listen on port 80.
[Wed Mar 17 10:13:55 2010] [error] [client 192.168.7.169] client denied by server configuration: C:/wamp/www/
[Wed Mar 17 10:15:13 2010] [notice] Parent: Received shutdown signal -- Shutting down the server.
[Wed Mar 17 10:15:13 2010] [notice] Child 1072: Exit event signaled. Child process is ending.
[Wed Mar 17 10:15:14 2010] [notice] Child 1072: Released the start mutex
[Wed Mar 17 10:15:15 2010] [notice] Child 1072: All worker threads have exited.
[Wed Mar 17 10:15:15 2010] [notice] Child 1072: Child process is exiting
[Wed Mar 17 10:15:15 2010] [notice] Parent: Child process exited successfully.
httpd.exe: Could not reliably determine the server's fully qualified domain name, using 192.168.7.169 for ServerName
[Wed Mar 17 10:15:18 2010] [notice] Apache/2.2.15 (Win32) configured -- resuming normal operations
[Wed Mar 17 10:15:18 2010] [notice] Server built: Mar  4 2010 11:27:46
[Wed Mar 17 10:15:18 2010] [notice] Parent: Created child process 3504
httpd.exe: Could not reliably determine the server's fully qualified domain name, using 192.168.7.169 for ServerName
httpd.exe: Could not reliably determine the server's fully qualified domain name, using 192.168.7.169 for ServerName
[Wed Mar 17 10:15:18 2010] [notice] Child 3504: Child process is running
[Wed Mar 17 10:15:18 2010] [notice] Child 3504: Acquired the start mutex.
[Wed Mar 17 10:15:18 2010] [notice] Child 3504: Starting 64 worker threads.
[Wed Mar 17 10:15:18 2010] [notice] Child 3504: Starting thread to listen on port 80.
[Wed Mar 17 16:43:38 2010] [notice] Parent: Received shutdown signal -- Shutting down the server.
[Wed Mar 17 16:43:38 2010] [notice] Child 3504: Exit event signaled. Child process is ending.
[Wed Mar 17 16:43:40 2010] [notice] Child 3504: Released the start mutex
[Wed Mar 17 16:43:42 2010] [notice] Child 3504: All worker threads have exited.
[Wed Mar 17 16:43:42 2010] [notice] Child 3504: Child process is exiting
[Wed Mar 17 16:43:43 2010] [notice] Parent: Child process exited successfully.
httpd.exe: Could not reliably determine the server's fully qualified domain name, using 192.168.7.169 for ServerName
[Wed Mar 17 16:58:55 2010] [notice] Apache/2.2.15 (Win32) configured -- resuming normal operations
[Wed Mar 17 16:58:55 2010] [notice] Server built: Mar  4 2010 11:27:46
[Wed Mar 17 16:58:55 2010] [notice] Parent: Created child process 3884
httpd.exe: Could not reliably determine the server's fully qualified domain name, using 192.168.7.169 for ServerName
httpd.exe: Could not reliably determine the server's fully qualified domain name, using 192.168.7.169 for ServerName
[Wed Mar 17 16:58:57 2010] [notice] Child 3884: Child process is running
[Wed Mar 17 16:58:57 2010] [notice] Child 3884: Acquired the start mutex.
[Wed Mar 17 16:58:57 2010] [notice] Child 3884: Starting 64 worker threads.
[Wed Mar 17 16:58:59 2010] [notice] Child 3884: Starting thread to listen on port 80.
[Wed Mar 17 17:07:55 2010] [notice] Parent: Received shutdown signal -- Shutting down the server.
[Wed Mar 17 17:07:55 2010] [notice] Child 3884: Exit event signaled. Child process is ending.
[Wed Mar 17 17:07:56 2010] [notice] Child 3884: Released the start mutex
[Wed Mar 17 17:07:57 2010] [notice] Child 3884: All worker threads have exited.
[Wed Mar 17 17:07:57 2010] [notice] Child 3884: Child process is exiting
[Wed Mar 17 17:07:57 2010] [notice] Parent: Child process exited successfully.
httpd.exe: Could not reliably determine the server's fully qualified domain name, using 192.168.7.169 for ServerName
[Wed Mar 17 17:08:06 2010] [notice] Apache/2.2.15 (Win32) PHP/5.2.13 configured -- resuming normal operations
[Wed Mar 17 17:08:06 2010] [notice] Server built: Mar  4 2010 11:27:46
[Wed Mar 17 17:08:06 2010] [notice] Parent: Created child process 3860
httpd.exe: Could not reliably determine the server's fully qualified domain name, using 192.168.7.169 for ServerName
httpd.exe: Could not reliably determine the server's fully qualified domain name, using 192.168.7.169 for ServerName
[Wed Mar 17 17:08:12 2010] [notice] Child 3860: Child process is running
[Wed Mar 17 17:08:12 2010] [notice] Child 3860: Acquired the start mutex.
[Wed Mar 17 17:08:12 2010] [notice] Child 3860: Starting 64 worker threads.
[Wed Mar 17 17:08:13 2010] [notice] Child 3860: Starting thread to listen on port 80.
[Wed Mar 17 17:09:00 2010] [notice] Parent: Received shutdown signal -- Shutting down the server.
[Wed Mar 17 17:09:00 2010] [notice] Child 3860: Exit event signaled. Child process is ending.
[Wed Mar 17 17:09:01 2010] [notice] Child 3860: Released the start mutex
[Wed Mar 17 17:09:02 2010] [notice] Child 3860: All worker threads have exited.
[Wed Mar 17 17:09:02 2010] [notice] Child 3860: Child process is exiting
[Wed Mar 17 17:09:02 2010] [notice] Parent: Child process exited successfully.
httpd.exe: Could not reliably determine the server's fully qualified domain name, using 192.168.7.169 for ServerName
[Wed Mar 17 17:09:05 2010] [notice] Apache/2.2.15 (Win32) PHP/5.2.13 configured -- resuming normal operations
[Wed Mar 17 17:09:05 2010] [notice] Server built: Mar  4 2010 11:27:46
[Wed Mar 17 17:09:05 2010] [notice] Parent: Created child process 552
httpd.exe: Could not reliably determine the server's fully qualified domain name, using 192.168.7.169 for ServerName
httpd.exe: Could not reliably determine the server's fully qualified domain name, using 192.168.7.169 for ServerName
[Wed Mar 17 17:09:05 2010] [notice] Child 552: Child process is running
[Wed Mar 17 17:09:05 2010] [notice] Child 552: Acquired the start mutex.
[Wed Mar 17 17:09:05 2010] [notice] Child 552: Starting 64 worker threads.
[Wed Mar 17 17:09:05 2010] [notice] Child 552: Starting thread to listen on port 80.
[Wed Mar 17 17:12:57 2010] [notice] Parent: Received shutdown signal -- Shutting down the server.
[Wed Mar 17 17:12:57 2010] [notice] Child 552: Exit event signaled. Child process is ending.
[Wed Mar 17 17:12:58 2010] [notice] Child 552: Released the start mutex
[Wed Mar 17 17:12:59 2010] [notice] Child 552: All worker threads have exited.
[Wed Mar 17 17:12:59 2010] [notice] Child 552: Child process is exiting
[Wed Mar 17 17:12:59 2010] [notice] Parent: Child process exited successfully.
httpd.exe: Could not reliably determine the server's fully qualified domain name, using 192.168.7.169 for ServerName
[Wed Mar 17 17:13:01 2010] [notice] Apache/2.2.15 (Win32) PHP/5.2.13 configured -- resuming normal operations
[Wed Mar 17 17:13:01 2010] [notice] Server built: Mar  4 2010 11:27:46
[Wed Mar 17 17:13:01 2010] [notice] Parent: Created child process 3144
httpd.exe: Could not reliably determine the server's fully qualified domain name, using 192.168.7.169 for ServerName
httpd.exe: Could not reliably determine the server's fully qualified domain name, using 192.168.7.169 for ServerName
[Wed Mar 17 17:13:01 2010] [notice] Child 3144: Child process is running
[Wed Mar 17 17:13:01 2010] [notice] Child 3144: Acquired the start mutex.
[Wed Mar 17 17:13:01 2010] [notice] Child 3144: Starting 64 worker threads.
[Wed Mar 17 17:13:01 2010] [notice] Child 3144: Starting thread to listen on port 80.
[Wed Mar 17 17:15:10 2010] [notice] Parent: Received shutdown signal -- Shutting down the server.
[Wed Mar 17 17:15:10 2010] [notice] Child 3144: Exit event signaled. Child process is ending.
[Wed Mar 17 17:15:11 2010] [notice] Child 3144: Released the start mutex
[Wed Mar 17 17:15:12 2010] [notice] Child 3144: All worker threads have exited.
[Wed Mar 17 17:15:12 2010] [notice] Child 3144: Child process is exiting
[Wed Mar 17 17:15:12 2010] [notice] Parent: Child process exited successfully.
httpd.exe: Could not reliably determine the server's fully qualified domain name, using 192.168.7.169 for ServerName
[Wed Mar 17 17:15:13 2010] [notice] Apache/2.2.15 (Win32) PHP/5.2.13 configured -- resuming normal operations
[Wed Mar 17 17:15:13 2010] [notice] Server built: Mar  4 2010 11:27:46
[Wed Mar 17 17:15:13 2010] [notice] Parent: Created child process 2848
httpd.exe: Could not reliably determine the server's fully qualified domain name, using 192.168.7.169 for ServerName
httpd.exe: Could not reliably determine the server's fully qualified domain name, using 192.168.7.169 for ServerName
[Wed Mar 17 17:15:13 2010] [notice] Child 2848: Child process is running
[Wed Mar 17 17:15:13 2010] [notice] Child 2848: Acquired the start mutex.
[Wed Mar 17 17:15:13 2010] [notice] Child 2848: Starting 64 worker threads.
[Wed Mar 17 17:15:13 2010] [notice] Child 2848: Starting thread to listen on port 80.
[Wed Mar 17 17:15:49 2010] [notice] Parent: Received shutdown signal -- Shutting down the server.
[Wed Mar 17 17:15:49 2010] [notice] Child 2848: Exit event signaled. Child process is ending.
[Wed Mar 17 17:15:50 2010] [notice] Child 2848: Released the start mutex
[Wed Mar 17 17:15:51 2010] [notice] Child 2848: All worker threads have exited.
[Wed Mar 17 17:15:51 2010] [notice] Child 2848: Child process is exiting
[Wed Mar 17 17:15:51 2010] [notice] Parent: Child process exited successfully.
httpd.exe: Could not reliably determine the server's fully qualified domain name, using 192.168.7.169 for ServerName
[Wed Mar 17 17:15:53 2010] [notice] Apache/2.2.15 (Win32) PHP/5.2.13 configured -- resuming normal operations
[Wed Mar 17 17:15:53 2010] [notice] Server built: Mar  4 2010 11:27:46
[Wed Mar 17 17:15:53 2010] [notice] Parent: Created child process 3028
httpd.exe: Could not reliably determine the server's fully qualified domain name, using 192.168.7.169 for ServerName
httpd.exe: Could not reliably determine the server's fully qualified domain name, using 192.168.7.169 for ServerName
[Wed Mar 17 17:15:54 2010] [notice] Child 3028: Child process is running
[Wed Mar 17 17:15:54 2010] [notice] Child 3028: Acquired the start mutex.
[Wed Mar 17 17:15:54 2010] [notice] Child 3028: Starting 64 worker threads.
[Wed Mar 17 17:15:54 2010] [notice] Child 3028: Starting thread to listen on port 80.
[Wed Mar 17 17:19:06 2010] [notice] Parent: Received shutdown signal -- Shutting down the server.
[Wed Mar 17 17:19:06 2010] [notice] Child 3028: Exit event signaled. Child process is ending.
[Wed Mar 17 17:19:07 2010] [notice] Child 3028: Released the start mutex
[Wed Mar 17 17:19:08 2010] [notice] Child 3028: All worker threads have exited.
[Wed Mar 17 17:19:08 2010] [notice] Child 3028: Child process is exiting
[Wed Mar 17 17:19:09 2010] [notice] Parent: Child process exited successfully.
httpd.exe: Could not reliably determine the server's fully qualified domain name, using 192.168.7.169 for ServerName
[Wed Mar 17 17:19:09 2010] [notice] Apache/2.2.15 (Win32) PHP/5.2.13 configured -- resuming normal operations
[Wed Mar 17 17:19:09 2010] [notice] Server built: Mar  4 2010 11:27:46
[Wed Mar 17 17:19:09 2010] [notice] Parent: Created child process 3288
httpd.exe: Could not reliably determine the server's fully qualified domain name, using 192.168.7.169 for ServerName
httpd.exe: Could not reliably determine the server's fully qualified domain name, using 192.168.7.169 for ServerName
[Wed Mar 17 17:19:10 2010] [notice] Child 3288: Child process is running
[Wed Mar 17 17:19:10 2010] [notice] Child 3288: Acquired the start mutex.
[Wed Mar 17 17:19:10 2010] [notice] Child 3288: Starting 64 worker threads.
[Wed Mar 17 17:19:10 2010] [notice] Child 3288: Starting thread to listen on port 80.
[Wed Mar 17 17:27:01 2010] [notice] Parent: Received shutdown signal -- Shutting down the server.
[Wed Mar 17 17:27:01 2010] [notice] Child 3288: Exit event signaled. Child process is ending.
[Wed Mar 17 17:27:02 2010] [notice] Child 3288: Released the start mutex
[Wed Mar 17 17:27:03 2010] [notice] Child 3288: All worker threads have exited.
[Wed Mar 17 17:27:03 2010] [notice] Child 3288: Child process is exiting
[Wed Mar 17 17:27:04 2010] [notice] Parent: Child process exited successfully.
httpd.exe: Could not reliably determine the server's fully qualified domain name, using 192.168.7.169 for ServerName
[Thu Mar 18 09:36:10 2010] [notice] Apache/2.2.15 (Win32) PHP/5.2.13 configured -- resuming normal operations
[Thu Mar 18 09:36:10 2010] [notice] Server built: Mar  4 2010 11:27:46
[Thu Mar 18 09:36:10 2010] [notice] Parent: Created child process 2124
httpd.exe: Could not reliably determine the server's fully qualified domain name, using 192.168.7.169 for ServerName
httpd.exe: Could not reliably determine the server's fully qualified domain name, using 192.168.7.169 for ServerName
[Thu Mar 18 09:36:10 2010] [notice] Child 2124: Child process is running
[Thu Mar 18 09:36:10 2010] [notice] Child 2124: Acquired the start mutex.
[Thu Mar 18 09:36:10 2010] [notice] Child 2124: Starting 64 worker threads.
[Thu Mar 18 09:36:10 2010] [notice] Child 2124: Starting thread to listen on port 80.
[Thu Mar 18 09:41:25 2010] [notice] Parent: Received restart signal -- Restarting the server.
[Thu Mar 18 09:41:25 2010] [notice] Child 2124: Exit event signaled. Child process is ending.
httpd.exe: Could not reliably determine the server's fully qualified domain name, using 192.168.7.169 for ServerName
[Thu Mar 18 09:41:25 2010] [notice] Apache/2.2.15 (Win32) PHP/5.2.13 configured -- resuming normal operations
[Thu Mar 18 09:41:25 2010] [notice] Server built: Mar  4 2010 11:27:46
[Thu Mar 18 09:41:25 2010] [notice] Parent: Created child process 2728
httpd.exe: Could not reliably determine the server's fully qualified domain name, using 192.168.7.169 for ServerName
httpd.exe: Could not reliably determine the server's fully qualified domain name, using 192.168.7.169 for ServerName
[Thu Mar 18 09:41:25 2010] [notice] Child 2728: Child process is running
[Thu Mar 18 09:41:26 2010] [notice] Child 2728: Acquired the start mutex.
[Thu Mar 18 09:41:26 2010] [notice] Child 2728: Starting 64 worker threads.
[Thu Mar 18 09:41:26 2010] [notice] Child 2124: Released the start mutex
[Thu Mar 18 09:41:27 2010] [notice] Child 2728: Starting thread to listen on port 80.
[Thu Mar 18 09:41:27 2010] [notice] Child 2124: All worker threads have exited.
[Thu Mar 18 09:41:27 2010] [notice] Child 2124: Child process is exiting
[Thu Mar 18 09:48:47 2010] [notice] Parent: Received restart signal -- Restarting the server.
[Thu Mar 18 09:48:47 2010] [notice] Child 2728: Exit event signaled. Child process is ending.
httpd.exe: Could not reliably determine the server's fully qualified domain name, using 192.168.7.169 for ServerName
[Thu Mar 18 09:48:47 2010] [notice] Apache/2.2.15 (Win32) PHP/5.2.13 configured -- resuming normal operations
[Thu Mar 18 09:48:47 2010] [notice] Server built: Mar  4 2010 11:27:46
[Thu Mar 18 09:48:47 2010] [notice] Parent: Created child process 2860
httpd.exe: Could not reliably determine the server's fully qualified domain name, using 192.168.7.169 for ServerName
httpd.exe: Could not reliably determine the server's fully qualified domain name, using 192.168.7.169 for ServerName
[Thu Mar 18 09:48:47 2010] [notice] Child 2860: Child process is running
[Thu Mar 18 09:48:48 2010] [notice] Child 2860: Acquired the start mutex.
[Thu Mar 18 09:48:48 2010] [notice] Child 2860: Starting 64 worker threads.
[Thu Mar 18 09:48:48 2010] [notice] Child 2728: Released the start mutex
[Thu Mar 18 09:48:49 2010] [notice] Child 2728: All worker threads have exited.
[Thu Mar 18 09:48:49 2010] [notice] Child 2728: Child process is exiting
[Thu Mar 18 09:48:49 2010] [notice] Child 2860: Starting thread to listen on port 80.
[Thu Mar 18 09:50:42 2010] [notice] Parent: Received restart signal -- Restarting the server.
[Thu Mar 18 09:50:42 2010] [notice] Child 2860: Exit event signaled. Child process is ending.
httpd.exe: Could not reliably determine the server's fully qualified domain name, using 192.168.7.169 for ServerName
PHP Warning:  PHP Startup: Unable to load dynamic library './php_mysql.dll' - \xd5\xd2\xb2\xbb\xb5\xbd\xd6\xb8\xb6\xa8\xb5\xc4\xc4\xa3\xbf\xe9\xa1\xa3\r\n in Unknown on line 0
[Thu Mar 18 09:50:42 2010] [notice] Apache/2.2.15 (Win32) PHP/5.2.13 configured -- resuming normal operations
[Thu Mar 18 09:50:42 2010] [notice] Server built: Mar  4 2010 11:27:46
[Thu Mar 18 09:50:42 2010] [notice] Parent: Created child process 2916
httpd.exe: Could not reliably determine the server's fully qualified domain name, using 192.168.7.169 for ServerName
httpd.exe: Could not reliably determine the server's fully qualified domain name, using 192.168.7.169 for ServerName
[Thu Mar 18 09:50:43 2010] [notice] Child 2860: Released the start mutex
PHP Warning:  PHP Startup: Unable to load dynamic library './php_mysql.dll' - \xd5\xd2\xb2\xbb\xb5\xbd\xd6\xb8\xb6\xa8\xb5\xc4\xc4\xa3\xbf\xe9\xa1\xa3\r\n in Unknown on line 0
[Thu Mar 18 09:50:43 2010] [notice] Child 2916: Child process is running
[Thu Mar 18 09:50:43 2010] [notice] Child 2916: Acquired the start mutex.
[Thu Mar 18 09:50:43 2010] [notice] Child 2916: Starting 64 worker threads.
[Thu Mar 18 09:50:43 2010] [notice] Child 2916: Starting thread to listen on port 80.
[Thu Mar 18 09:50:44 2010] [notice] Child 2860: All worker threads have exited.
[Thu Mar 18 09:50:44 2010] [notice] Child 2860: Child process is exiting
[Thu Mar 18 09:51:37 2010] [notice] Parent: Received restart signal -- Restarting the server.
[Thu Mar 18 09:51:37 2010] [notice] Child 2916: Exit event signaled. Child process is ending.
httpd.exe: Could not reliably determine the server's fully qualified domain name, using 192.168.7.169 for ServerName
PHP Warning:  PHP Startup: Unable to load dynamic library './php_mysql.dll' - \xd5\xd2\xb2\xbb\xb5\xbd\xd6\xb8\xb6\xa8\xb5\xc4\xc4\xa3\xbf\xe9\xa1\xa3\r\n in Unknown on line 0
[Thu Mar 18 09:51:37 2010] [notice] Apache/2.2.15 (Win32) PHP/5.2.13 configured -- resuming normal operations
[Thu Mar 18 09:51:37 2010] [notice] Server built: Mar  4 2010 11:27:46
[Thu Mar 18 09:51:37 2010] [notice] Parent: Created child process 1496
httpd.exe: Could not reliably determine the server's fully qualified domain name, using 192.168.7.169 for ServerName
httpd.exe: Could not reliably determine the server's fully qualified domain name, using 192.168.7.169 for ServerName
PHP Warning:  PHP Startup: Unable to load dynamic library './php_mysql.dll' - \xd5\xd2\xb2\xbb\xb5\xbd\xd6\xb8\xb6\xa8\xb5\xc4\xc4\xa3\xbf\xe9\xa1\xa3\r\n in Unknown on line 0
[Thu Mar 18 09:51:38 2010] [notice] Child 1496: Child process is running
[Thu Mar 18 09:51:38 2010] [notice] Child 2916: Released the start mutex
[Thu Mar 18 09:51:38 2010] [notice] Child 1496: Acquired the start mutex.
[Thu Mar 18 09:51:38 2010] [notice] Child 1496: Starting 64 worker threads.
[Thu Mar 18 09:51:39 2010] [notice] Child 1496: Starting thread to listen on port 80.
[Thu Mar 18 09:51:40 2010] [notice] Child 2916: All worker threads have exited.
[Thu Mar 18 09:51:40 2010] [notice] Child 2916: Child process is exiting
[Thu Mar 18 09:55:24 2010] [notice] Parent: Received restart signal -- Restarting the server.
[Thu Mar 18 09:55:24 2010] [notice] Child 1496: Exit event signaled. Child process is ending.
httpd.exe: Could not reliably determine the server's fully qualified domain name, using 192.168.7.169 for ServerName
PHP Warning:  PHP Startup: Unable to load dynamic library './php_mysql.dll' - \xd5\xd2\xb2\xbb\xb5\xbd\xd6\xb8\xb6\xa8\xb5\xc4\xc4\xa3\xbf\xe9\xa1\xa3\r\n in Unknown on line 0
PHP Warning:  PHP Startup: Unable to load dynamic library './php_mysqli.dll' - \xd5\xd2\xb2\xbb\xb5\xbd\xd6\xb8\xb6\xa8\xb5\xc4\xc4\xa3\xbf\xe9\xa1\xa3\r\n in Unknown on line 0
[Thu Mar 18 09:55:24 2010] [notice] Apache/2.2.15 (Win32) PHP/5.2.13 configured -- resuming normal operations
[Thu Mar 18 09:55:24 2010] [notice] Server built: Mar  4 2010 11:27:46
[Thu Mar 18 09:55:24 2010] [notice] Parent: Created child process 3832
httpd.exe: Could not reliably determine the server's fully qualified domain name, using 192.168.7.169 for ServerName
httpd.exe: Could not reliably determine the server's fully qualified domain name, using 192.168.7.169 for ServerName
PHP Warning:  PHP Startup: Unable to load dynamic library './php_mysql.dll' - \xd5\xd2\xb2\xbb\xb5\xbd\xd6\xb8\xb6\xa8\xb5\xc4\xc4\xa3\xbf\xe9\xa1\xa3\r\n in Unknown on line 0
PHP Warning:  PHP Startup: Unable to load dynamic library './php_mysqli.dll' - \xd5\xd2\xb2\xbb\xb5\xbd\xd6\xb8\xb6\xa8\xb5\xc4\xc4\xa3\xbf\xe9\xa1\xa3\r\n in Unknown on line 0
[Thu Mar 18 09:55:25 2010] [notice] Child 3832: Child process is running
[Thu Mar 18 09:55:25 2010] [notice] Child 1496: Released the start mutex
[Thu Mar 18 09:55:25 2010] [notice] Child 3832: Acquired the start mutex.
[Thu Mar 18 09:55:25 2010] [notice] Child 3832: Starting 64 worker threads.
[Thu Mar 18 09:55:26 2010] [notice] Child 1496: All worker threads have exited.
[Thu Mar 18 09:55:26 2010] [notice] Child 1496: Child process is exiting
[Thu Mar 18 09:55:26 2010] [notice] Child 3832: Starting thread to listen on port 80.
[Thu Mar 18 10:05:36 2010] [notice] Parent: Received restart signal -- Restarting the server.
[Thu Mar 18 10:05:36 2010] [notice] Child 3832: Exit event signaled. Child process is ending.
httpd.exe: Could not reliably determine the server's fully qualified domain name, using 192.168.7.169 for ServerName
PHP Warning:  PHP Startup: Unable to load dynamic library './php_mysql.dll' - \xd5\xd2\xb2\xbb\xb5\xbd\xd6\xb8\xb6\xa8\xb5\xc4\xc4\xa3\xbf\xe9\xa1\xa3\r\n in Unknown on line 0
PHP Warning:  PHP Startup: Unable to load dynamic library './php_mysqli.dll' - \xd5\xd2\xb2\xbb\xb5\xbd\xd6\xb8\xb6\xa8\xb5\xc4\xc4\xa3\xbf\xe9\xa1\xa3\r\n in Unknown on line 0
[Thu Mar 18 10:05:36 2010] [notice] Apache/2.2.15 (Win32) PHP/5.2.13 configured -- resuming normal operations
[Thu Mar 18 10:05:36 2010] [notice] Server built: Mar  4 2010 11:27:46
[Thu Mar 18 10:05:36 2010] [notice] Parent: Created child process 3404
httpd.exe: Could not reliably determine the server's fully qualified domain name, using 192.168.7.169 for ServerName
httpd.exe: Could not reliably determine the server's fully qualified domain name, using 192.168.7.169 for ServerName
PHP Warning:  PHP Startup: Unable to load dynamic library './php_mysql.dll' - \xd5\xd2\xb2\xbb\xb5\xbd\xd6\xb8\xb6\xa8\xb5\xc4\xc4\xa3\xbf\xe9\xa1\xa3\r\n in Unknown on line 0
PHP Warning:  PHP Startup: Unable to load dynamic library './php_mysqli.dll' - \xd5\xd2\xb2\xbb\xb5\xbd\xd6\xb8\xb6\xa8\xb5\xc4\xc4\xa3\xbf\xe9\xa1\xa3\r\n in Unknown on line 0
[Thu Mar 18 10:05:37 2010] [notice] Child 3404: Child process is running
[Thu Mar 18 10:05:37 2010] [notice] Child 3404: Acquired the start mutex.
[Thu Mar 18 10:05:37 2010] [notice] Child 3404: Starting 64 worker threads.
[Thu Mar 18 10:05:37 2010] [notice] Child 3832: Released the start mutex
[Thu Mar 18 10:05:38 2010] [notice] Child 3832: All worker threads have exited.
[Thu Mar 18 10:05:38 2010] [notice] Child 3832: Child process is exiting
[Thu Mar 18 10:05:38 2010] [notice] Child 3404: Starting thread to listen on port 80.
[Thu Mar 18 10:10:29 2010] [notice] Parent: Received restart signal -- Restarting the server.
[Thu Mar 18 10:10:29 2010] [notice] Child 3404: Exit event signaled. Child process is ending.
httpd.exe: Could not reliably determine the server's fully qualified domain name, using 192.168.7.169 for ServerName
PHP Warning:  PHP Startup: Unable to load dynamic library './php_bz2.dll' - \xd5\xd2\xb2\xbb\xb5\xbd\xd6\xb8\xb6\xa8\xb5\xc4\xc4\xa3\xbf\xe9\xa1\xa3\r\n in Unknown on line 0
PHP Warning:  PHP Startup: Unable to load dynamic library './php_curl.dll' - \xd5\xd2\xb2\xbb\xb5\xbd\xd6\xb8\xb6\xa8\xb5\xc4\xc4\xa3\xbf\xe9\xa1\xa3\r\n in Unknown on line 0
PHP Warning:  PHP Startup: Unable to load dynamic library './php_mbstring.dll' - \xd5\xd2\xb2\xbb\xb5\xbd\xd6\xb8\xb6\xa8\xb5\xc4\xc4\xa3\xbf\xe9\xa1\xa3\r\n in Unknown on line 0
PHP Warning:  PHP Startup: Unable to load dynamic library './php_mysql.dll' - \xd5\xd2\xb2\xbb\xb5\xbd\xd6\xb8\xb6\xa8\xb5\xc4\xc4\xa3\xbf\xe9\xa1\xa3\r\n in Unknown on line 0
PHP Warning:  PHP Startup: Unable to load dynamic library './php_mysqli.dll' - \xd5\xd2\xb2\xbb\xb5\xbd\xd6\xb8\xb6\xa8\xb5\xc4\xc4\xa3\xbf\xe9\xa1\xa3\r\n in Unknown on line 0
[Thu Mar 18 10:10:29 2010] [notice] Apache/2.2.15 (Win32) PHP/5.2.13 configured -- resuming normal operations
[Thu Mar 18 10:10:29 2010] [notice] Server built: Mar  4 2010 11:27:46
[Thu Mar 18 10:10:29 2010] [notice] Parent: Created child process 2520
httpd.exe: Could not reliably determine the server's fully qualified domain name, using 192.168.7.169 for ServerName
[Thu Mar 18 10:10:30 2010] [notice] Child 3404: Released the start mutex
httpd.exe: Could not reliably determine the server's fully qualified domain name, using 192.168.7.169 for ServerName
PHP Warning:  PHP Startup: Unable to load dynamic library './php_bz2.dll' - \xd5\xd2\xb2\xbb\xb5\xbd\xd6\xb8\xb6\xa8\xb5\xc4\xc4\xa3\xbf\xe9\xa1\xa3\r\n in Unknown on line 0
PHP Warning:  PHP Startup: Unable to load dynamic library './php_curl.dll' - \xd5\xd2\xb2\xbb\xb5\xbd\xd6\xb8\xb6\xa8\xb5\xc4\xc4\xa3\xbf\xe9\xa1\xa3\r\n in Unknown on line 0
PHP Warning:  PHP Startup: Unable to load dynamic library './php_mbstring.dll' - \xd5\xd2\xb2\xbb\xb5\xbd\xd6\xb8\xb6\xa8\xb5\xc4\xc4\xa3\xbf\xe9\xa1\xa3\r\n in Unknown on line 0
PHP Warning:  PHP Startup: Unable to load dynamic library './php_mysql.dll' - \xd5\xd2\xb2\xbb\xb5\xbd\xd6\xb8\xb6\xa8\xb5\xc4\xc4\xa3\xbf\xe9\xa1\xa3\r\n in Unknown on line 0
PHP Warning:  PHP Startup: Unable to load dynamic library './php_mysqli.dll' - \xd5\xd2\xb2\xbb\xb5\xbd\xd6\xb8\xb6\xa8\xb5\xc4\xc4\xa3\xbf\xe9\xa1\xa3\r\n in Unknown on line 0
[Thu Mar 18 10:10:30 2010] [notice] Child 2520: Child process is running
[Thu Mar 18 10:10:30 2010] [notice] Child 2520: Acquired the start mutex.
[Thu Mar 18 10:10:30 2010] [notice] Child 2520: Starting 64 worker threads.
[Thu Mar 18 10:10:30 2010] [notice] Child 2520: Starting thread to listen on port 80.
[Thu Mar 18 10:10:31 2010] [notice] Child 3404: All worker threads have exited.
[Thu Mar 18 10:10:31 2010] [notice] Child 3404: Child process is exiting
[Thu Mar 18 10:13:51 2010] [notice] Parent: Received restart signal -- Restarting the server.
[Thu Mar 18 10:13:51 2010] [notice] Child 2520: Exit event signaled. Child process is ending.
httpd.exe: Could not reliably determine the server's fully qualified domain name, using 192.168.7.169 for ServerName
PHP Warning:  PHP Startup: Unable to load dynamic library './ext\\php_bz2.dll' - \xd5\xd2\xb2\xbb\xb5\xbd\xd6\xb8\xb6\xa8\xb5\xc4\xc4\xa3\xbf\xe9\xa1\xa3\r\n in Unknown on line 0
PHP Warning:  PHP Startup: Unable to load dynamic library './ext\\php_curl.dll' - \xd5\xd2\xb2\xbb\xb5\xbd\xd6\xb8\xb6\xa8\xb5\xc4\xc4\xa3\xbf\xe9\xa1\xa3\r\n in Unknown on line 0
PHP Warning:  PHP Startup: Unable to load dynamic library './ext\\php_mbstring.dll' - \xd5\xd2\xb2\xbb\xb5\xbd\xd6\xb8\xb6\xa8\xb5\xc4\xc4\xa3\xbf\xe9\xa1\xa3\r\n in Unknown on line 0
PHP Warning:  PHP Startup: Unable to load dynamic library './ext\\php_mysql.dll' - \xd5\xd2\xb2\xbb\xb5\xbd\xd6\xb8\xb6\xa8\xb5\xc4\xc4\xa3\xbf\xe9\xa1\xa3\r\n in Unknown on line 0
PHP Warning:  PHP Startup: Unable to load dynamic library './ext\\php_mysqli.dll' - \xd5\xd2\xb2\xbb\xb5\xbd\xd6\xb8\xb6\xa8\xb5\xc4\xc4\xa3\xbf\xe9\xa1\xa3\r\n in Unknown on line 0
[Thu Mar 18 10:13:51 2010] [notice] Apache/2.2.15 (Win32) PHP/5.2.13 configured -- resuming normal operations
[Thu Mar 18 10:13:51 2010] [notice] Server built: Mar  4 2010 11:27:46
[Thu Mar 18 10:13:51 2010] [notice] Parent: Created child process 2608
httpd.exe: Could not reliably determine the server's fully qualified domain name, using 192.168.7.169 for ServerName
httpd.exe: Could not reliably determine the server's fully qualified domain name, using 192.168.7.169 for ServerName
PHP Warning:  PHP Startup: Unable to load dynamic library './ext\\php_bz2.dll' - \xd5\xd2\xb2\xbb\xb5\xbd\xd6\xb8\xb6\xa8\xb5\xc4\xc4\xa3\xbf\xe9\xa1\xa3\r\n in Unknown on line 0
PHP Warning:  PHP Startup: Unable to load dynamic library './ext\\php_curl.dll' - \xd5\xd2\xb2\xbb\xb5\xbd\xd6\xb8\xb6\xa8\xb5\xc4\xc4\xa3\xbf\xe9\xa1\xa3\r\n in Unknown on line 0
PHP Warning:  PHP Startup: Unable to load dynamic library './ext\\php_mbstring.dll' - \xd5\xd2\xb2\xbb\xb5\xbd\xd6\xb8\xb6\xa8\xb5\xc4\xc4\xa3\xbf\xe9\xa1\xa3\r\n in Unknown on line 0
PHP Warning:  PHP Startup: Unable to load dynamic library './ext\\php_mysql.dll' - \xd5\xd2\xb2\xbb\xb5\xbd\xd6\xb8\xb6\xa8\xb5\xc4\xc4\xa3\xbf\xe9\xa1\xa3\r\n in Unknown on line 0
PHP Warning:  PHP Startup: Unable to load dynamic library './ext\\php_mysqli.dll' - \xd5\xd2\xb2\xbb\xb5\xbd\xd6\xb8\xb6\xa8\xb5\xc4\xc4\xa3\xbf\xe9\xa1\xa3\r\n in Unknown on line 0
[Thu Mar 18 10:13:52 2010] [notice] Child 2608: Child process is running
[Thu Mar 18 10:13:52 2010] [notice] Child 2608: Acquired the start mutex.
[Thu Mar 18 10:13:52 2010] [notice] Child 2608: Starting 64 worker threads.
[Thu Mar 18 10:13:52 2010] [notice] Child 2520: Released the start mutex
[Thu Mar 18 10:13:53 2010] [notice] Child 2520: All worker threads have exited.
[Thu Mar 18 10:13:53 2010] [notice] Child 2608: Starting thread to listen on port 80.
[Thu Mar 18 10:13:53 2010] [notice] Child 2520: Child process is exiting
[Thu Mar 18 10:18:40 2010] [notice] Parent: Received restart signal -- Restarting the server.
[Thu Mar 18 10:18:40 2010] [notice] Child 2608: Exit event signaled. Child process is ending.
httpd.exe: Could not reliably determine the server's fully qualified domain name, using 192.168.7.169 for ServerName
PHP Warning:  PHP Startup: Unable to load dynamic library './ext\\php_bz2.dll' - \xd5\xd2\xb2\xbb\xb5\xbd\xd6\xb8\xb6\xa8\xb5\xc4\xc4\xa3\xbf\xe9\xa1\xa3\r\n in Unknown on line 0
PHP Warning:  PHP Startup: Unable to load dynamic library './ext\\php_curl.dll' - \xd5\xd2\xb2\xbb\xb5\xbd\xd6\xb8\xb6\xa8\xb5\xc4\xc4\xa3\xbf\xe9\xa1\xa3\r\n in Unknown on line 0
PHP Warning:  PHP Startup: Unable to load dynamic library './ext\\php_mbstring.dll' - \xd5\xd2\xb2\xbb\xb5\xbd\xd6\xb8\xb6\xa8\xb5\xc4\xc4\xa3\xbf\xe9\xa1\xa3\r\n in Unknown on line 0
PHP Warning:  PHP Startup: Unable to load dynamic library './ext\\php_mysql.dll' - \xd5\xd2\xb2\xbb\xb5\xbd\xd6\xb8\xb6\xa8\xb5\xc4\xc4\xa3\xbf\xe9\xa1\xa3\r\n in Unknown on line 0
PHP Warning:  PHP Startup: Unable to load dynamic library './ext\\php_mysqli.dll' - \xd5\xd2\xb2\xbb\xb5\xbd\xd6\xb8\xb6\xa8\xb5\xc4\xc4\xa3\xbf\xe9\xa1\xa3\r\n in Unknown on line 0
[Thu Mar 18 10:18:41 2010] [notice] Apache/2.2.15 (Win32) PHP/5.2.13 configured -- resuming normal operations
[Thu Mar 18 10:18:41 2010] [notice] Server built: Mar  4 2010 11:27:46
[Thu Mar 18 10:18:41 2010] [notice] Parent: Created child process 2904
httpd.exe: Could not reliably determine the server's fully qualified domain name, using 192.168.7.169 for ServerName
httpd.exe: Could not reliably determine the server's fully qualified domain name, using 192.168.7.169 for ServerName
PHP Warning:  PHP Startup: Unable to load dynamic library './ext\\php_bz2.dll' - \xd5\xd2\xb2\xbb\xb5\xbd\xd6\xb8\xb6\xa8\xb5\xc4\xc4\xa3\xbf\xe9\xa1\xa3\r\n in Unknown on line 0
PHP Warning:  PHP Startup: Unable to load dynamic library './ext\\php_curl.dll' - \xd5\xd2\xb2\xbb\xb5\xbd\xd6\xb8\xb6\xa8\xb5\xc4\xc4\xa3\xbf\xe9\xa1\xa3\r\n in Unknown on line 0
PHP Warning:  PHP Startup: Unable to load dynamic library './ext\\php_mbstring.dll' - \xd5\xd2\xb2\xbb\xb5\xbd\xd6\xb8\xb6\xa8\xb5\xc4\xc4\xa3\xbf\xe9\xa1\xa3\r\n in Unknown on line 0
PHP Warning:  PHP Startup: Unable to load dynamic library './ext\\php_mysql.dll' - \xd5\xd2\xb2\xbb\xb5\xbd\xd6\xb8\xb6\xa8\xb5\xc4\xc4\xa3\xbf\xe9\xa1\xa3\r\n in Unknown on line 0
PHP Warning:  PHP Startup: Unable to load dynamic library './ext\\php_mysqli.dll' - \xd5\xd2\xb2\xbb\xb5\xbd\xd6\xb8\xb6\xa8\xb5\xc4\xc4\xa3\xbf\xe9\xa1\xa3\r\n in Unknown on line 0
[Thu Mar 18 10:18:41 2010] [notice] Child 2904: Child process is running
[Thu Mar 18 10:18:41 2010] [notice] Child 2608: Released the start mutex
[Thu Mar 18 10:18:41 2010] [notice] Child 2904: Acquired the start mutex.
[Thu Mar 18 10:18:41 2010] [notice] Child 2904: Starting 64 worker threads.
[Thu Mar 18 10:18:43 2010] [notice] Child 2608: All worker threads have exited.
[Thu Mar 18 10:18:43 2010] [notice] Child 2608: Child process is exiting
[Thu Mar 18 10:18:43 2010] [notice] Child 2904: Starting thread to listen on port 80.
[Thu Mar 18 10:23:10 2010] [notice] Parent: Received restart signal -- Restarting the server.
[Thu Mar 18 10:23:10 2010] [notice] Child 2904: Exit event signaled. Child process is ending.
httpd.exe: Could not reliably determine the server's fully qualified domain name, using 192.168.7.169 for ServerName
PHP Warning:  PHP Startup: Unable to load dynamic library './ext\\php_bz2.dll' - \xd5\xd2\xb2\xbb\xb5\xbd\xd6\xb8\xb6\xa8\xb5\xc4\xc4\xa3\xbf\xe9\xa1\xa3\r\n in Unknown on line 0
PHP Warning:  PHP Startup: Unable to load dynamic library './ext\\php_curl.dll' - \xd5\xd2\xb2\xbb\xb5\xbd\xd6\xb8\xb6\xa8\xb5\xc4\xc4\xa3\xbf\xe9\xa1\xa3\r\n in Unknown on line 0
PHP Warning:  PHP Startup: Unable to load dynamic library './ext\\php_mbstring.dll' - \xd5\xd2\xb2\xbb\xb5\xbd\xd6\xb8\xb6\xa8\xb5\xc4\xc4\xa3\xbf\xe9\xa1\xa3\r\n in Unknown on line 0
PHP Warning:  PHP Startup: Unable to load dynamic library './ext\\php_mysql.dll' - \xd5\xd2\xb2\xbb\xb5\xbd\xd6\xb8\xb6\xa8\xb5\xc4\xc4\xa3\xbf\xe9\xa1\xa3\r\n in Unknown on line 0
PHP Warning:  PHP Startup: Unable to load dynamic library './ext\\php_mysqli.dll' - \xd5\xd2\xb2\xbb\xb5\xbd\xd6\xb8\xb6\xa8\xb5\xc4\xc4\xa3\xbf\xe9\xa1\xa3\r\n in Unknown on line 0
[Thu Mar 18 10:23:10 2010] [notice] Apache/2.2.15 (Win32) PHP/5.2.13 configured -- resuming normal operations
[Thu Mar 18 10:23:10 2010] [notice] Server built: Mar  4 2010 11:27:46
[Thu Mar 18 10:23:10 2010] [notice] Parent: Created child process 3500
httpd.exe: Could not reliably determine the server's fully qualified domain name, using 192.168.7.169 for ServerName
httpd.exe: Could not reliably determine the server's fully qualified domain name, using 192.168.7.169 for ServerName
[Thu Mar 18 10:23:11 2010] [notice] Child 2904: Released the start mutex
PHP Warning:  PHP Startup: Unable to load dynamic library './ext\\php_bz2.dll' - \xd5\xd2\xb2\xbb\xb5\xbd\xd6\xb8\xb6\xa8\xb5\xc4\xc4\xa3\xbf\xe9\xa1\xa3\r\n in Unknown on line 0
PHP Warning:  PHP Startup: Unable to load dynamic library './ext\\php_curl.dll' - \xd5\xd2\xb2\xbb\xb5\xbd\xd6\xb8\xb6\xa8\xb5\xc4\xc4\xa3\xbf\xe9\xa1\xa3\r\n in Unknown on line 0
PHP Warning:  PHP Startup: Unable to load dynamic library './ext\\php_mbstring.dll' - \xd5\xd2\xb2\xbb\xb5\xbd\xd6\xb8\xb6\xa8\xb5\xc4\xc4\xa3\xbf\xe9\xa1\xa3\r\n in Unknown on line 0
PHP Warning:  PHP Startup: Unable to load dynamic library './ext\\php_mysql.dll' - \xd5\xd2\xb2\xbb\xb5\xbd\xd6\xb8\xb6\xa8\xb5\xc4\xc4\xa3\xbf\xe9\xa1\xa3\r\n in Unknown on line 0
PHP Warning:  PHP Startup: Unable to load dynamic library './ext\\php_mysqli.dll' - \xd5\xd2\xb2\xbb\xb5\xbd\xd6\xb8\xb6\xa8\xb5\xc4\xc4\xa3\xbf\xe9\xa1\xa3\r\n in Unknown on line 0
[Thu Mar 18 10:23:11 2010] [notice] Child 3500: Child process is running
[Thu Mar 18 10:23:11 2010] [notice] Child 3500: Acquired the start mutex.
[Thu Mar 18 10:23:11 2010] [notice] Child 3500: Starting 64 worker threads.
[Thu Mar 18 10:23:13 2010] [notice] Child 3500: Starting thread to listen on port 80.
[Thu Mar 18 10:23:15 2010] [notice] Child 2904: All worker threads have exited.
[Thu Mar 18 10:23:15 2010] [notice] Child 2904: Child process is exiting
[Thu Mar 18 10:26:22 2010] [notice] Parent: Received restart signal -- Restarting the server.
[Thu Mar 18 10:26:22 2010] [notice] Child 3500: Exit event signaled. Child process is ending.
httpd.exe: Could not reliably determine the server's fully qualified domain name, using 192.168.7.169 for ServerName
PHP Warning:  PHP Startup: Unable to load dynamic library '../../php/ext\\php_curl.dll' - \xd5\xd2\xb2\xbb\xb5\xbd\xd6\xb8\xb6\xa8\xb5\xc4\xc4\xa3\xbf\xe9\xa1\xa3\r\n in Unknown on line 0
[Thu Mar 18 10:26:23 2010] [notice] Apache/2.2.15 (Win32) PHP/5.2.13 configured -- resuming normal operations
[Thu Mar 18 10:26:23 2010] [notice] Server built: Mar  4 2010 11:27:46
[Thu Mar 18 10:26:23 2010] [notice] Parent: Created child process 2700
httpd.exe: Could not reliably determine the server's fully qualified domain name, using 192.168.7.169 for ServerName
httpd.exe: Could not reliably determine the server's fully qualified domain name, using 192.168.7.169 for ServerName
PHP Warning:  PHP Startup: Unable to load dynamic library '../../php/ext\\php_curl.dll' - \xd5\xd2\xb2\xbb\xb5\xbd\xd6\xb8\xb6\xa8\xb5\xc4\xc4\xa3\xbf\xe9\xa1\xa3\r\n in Unknown on line 0
[Thu Mar 18 10:26:25 2010] [notice] Child 3500: All worker threads have exited.
[Thu Mar 18 10:26:25 2010] [notice] Child 3500: Child process is exiting
[Thu Mar 18 10:26:25 2010] [notice] Child 2700: Child process is running
[Thu Mar 18 10:26:25 2010] [notice] Child 2700: Acquired the start mutex.
[Thu Mar 18 10:26:25 2010] [notice] Child 2700: Starting 64 worker threads.
[Thu Mar 18 10:26:25 2010] [notice] Child 2700: Starting thread to listen on port 80.
[Thu Mar 18 10:32:33 2010] [notice] Parent: Received restart signal -- Restarting the server.
[Thu Mar 18 10:32:33 2010] [notice] Child 2700: Exit event signaled. Child process is ending.
httpd.exe: Could not reliably determine the server's fully qualified domain name, using 192.168.7.169 for ServerName
PHP Warning:  PHP Startup: Unable to load dynamic library '../../php/ext;./ext\\php_bz2.dll' - \xd5\xd2\xb2\xbb\xb5\xbd\xd6\xb8\xb6\xa8\xb5\xc4\xc4\xa3\xbf\xe9\xa1\xa3\r\n in Unknown on line 0
PHP Warning:  PHP Startup: Unable to load dynamic library '../../php/ext;./ext\\php_curl.dll' - \xd5\xd2\xb2\xbb\xb5\xbd\xd6\xb8\xb6\xa8\xb5\xc4\xc4\xa3\xbf\xe9\xa1\xa3\r\n in Unknown on line 0
PHP Warning:  PHP Startup: Unable to load dynamic library '../../php/ext;./ext\\php_mbstring.dll' - \xd5\xd2\xb2\xbb\xb5\xbd\xd6\xb8\xb6\xa8\xb5\xc4\xc4\xa3\xbf\xe9\xa1\xa3\r\n in Unknown on line 0
PHP Warning:  PHP Startup: Unable to load dynamic library '../../php/ext;./ext\\php_mysql.dll' - \xd5\xd2\xb2\xbb\xb5\xbd\xd6\xb8\xb6\xa8\xb5\xc4\xc4\xa3\xbf\xe9\xa1\xa3\r\n in Unknown on line 0
PHP Warning:  PHP Startup: Unable to load dynamic library '../../php/ext;./ext\\php_mysqli.dll' - \xd5\xd2\xb2\xbb\xb5\xbd\xd6\xb8\xb6\xa8\xb5\xc4\xc4\xa3\xbf\xe9\xa1\xa3\r\n in Unknown on line 0
[Thu Mar 18 10:32:33 2010] [notice] Apache/2.2.15 (Win32) PHP/5.2.13 configured -- resuming normal operations
[Thu Mar 18 10:32:33 2010] [notice] Server built: Mar  4 2010 11:27:46
[Thu Mar 18 10:32:33 2010] [notice] Parent: Created child process 2968
httpd.exe: Could not reliably determine the server's fully qualified domain name, using 192.168.7.169 for ServerName
httpd.exe: Could not reliably determine the server's fully qualified domain name, using 192.168.7.169 for ServerName
PHP Warning:  PHP Startup: Unable to load dynamic library '../../php/ext;./ext\\php_bz2.dll' - \xd5\xd2\xb2\xbb\xb5\xbd\xd6\xb8\xb6\xa8\xb5\xc4\xc4\xa3\xbf\xe9\xa1\xa3\r\n in Unknown on line 0
PHP Warning:  PHP Startup: Unable to load dynamic library '../../php/ext;./ext\\php_curl.dll' - \xd5\xd2\xb2\xbb\xb5\xbd\xd6\xb8\xb6\xa8\xb5\xc4\xc4\xa3\xbf\xe9\xa1\xa3\r\n in Unknown on line 0
PHP Warning:  PHP Startup: Unable to load dynamic library '../../php/ext;./ext\\php_mbstring.dll' - \xd5\xd2\xb2\xbb\xb5\xbd\xd6\xb8\xb6\xa8\xb5\xc4\xc4\xa3\xbf\xe9\xa1\xa3\r\n in Unknown on line 0
PHP Warning:  PHP Startup: Unable to load dynamic library '../../php/ext;./ext\\php_mysql.dll' - \xd5\xd2\xb2\xbb\xb5\xbd\xd6\xb8\xb6\xa8\xb5\xc4\xc4\xa3\xbf\xe9\xa1\xa3\r\n in Unknown on line 0
PHP Warning:  PHP Startup: Unable to load dynamic library '../../php/ext;./ext\\php_mysqli.dll' - \xd5\xd2\xb2\xbb\xb5\xbd\xd6\xb8\xb6\xa8\xb5\xc4\xc4\xa3\xbf\xe9\xa1\xa3\r\n in Unknown on line 0
[Thu Mar 18 10:32:34 2010] [notice] Child 2700: Released the start mutex
[Thu Mar 18 10:32:34 2010] [notice] Child 2968: Child process is running
[Thu Mar 18 10:32:34 2010] [notice] Child 2968: Acquired the start mutex.
[Thu Mar 18 10:32:34 2010] [notice] Child 2968: Starting 64 worker threads.
[Thu Mar 18 10:32:34 2010] [notice] Child 2968: Starting thread to listen on port 80.
[Thu Mar 18 10:32:35 2010] [notice] Child 2700: All worker threads have exited.
[Thu Mar 18 10:32:35 2010] [notice] Child 2700: Child process is exiting
[Thu Mar 18 10:32:57 2010] [notice] Parent: Received restart signal -- Restarting the server.
[Thu Mar 18 10:32:57 2010] [notice] Child 2968: Exit event signaled. Child process is ending.
httpd.exe: Could not reliably determine the server's fully qualified domain name, using 192.168.7.169 for ServerName
PHP Warning:  PHP Startup: Unable to load dynamic library '../../php/ext\\php_curl.dll' - \xd5\xd2\xb2\xbb\xb5\xbd\xd6\xb8\xb6\xa8\xb5\xc4\xc4\xa3\xbf\xe9\xa1\xa3\r\n in Unknown on line 0
[Thu Mar 18 10:32:57 2010] [notice] Apache/2.2.15 (Win32) PHP/5.2.13 configured -- resuming normal operations
[Thu Mar 18 10:32:57 2010] [notice] Server built: Mar  4 2010 11:27:46
[Thu Mar 18 10:32:57 2010] [notice] Parent: Created child process 2192
httpd.exe: Could not reliably determine the server's fully qualified domain name, using 192.168.7.169 for ServerName
httpd.exe: Could not reliably determine the server's fully qualified domain name, using 192.168.7.169 for ServerName
PHP Warning:  PHP Startup: Unable to load dynamic library '../../php/ext\\php_curl.dll' - \xd5\xd2\xb2\xbb\xb5\xbd\xd6\xb8\xb6\xa8\xb5\xc4\xc4\xa3\xbf\xe9\xa1\xa3\r\n in Unknown on line 0
[Thu Mar 18 10:32:58 2010] [notice] Child 2968: Released the start mutex
[Thu Mar 18 10:32:58 2010] [notice] Child 2192: Child process is running
[Thu Mar 18 10:32:58 2010] [notice] Child 2192: Acquired the start mutex.
[Thu Mar 18 10:32:58 2010] [notice] Child 2192: Starting 64 worker threads.
[Thu Mar 18 10:32:59 2010] [notice] Child 2192: Starting thread to listen on port 80.
[Thu Mar 18 10:33:00 2010] [notice] Child 2968: All worker threads have exited.
[Thu Mar 18 10:33:00 2010] [notice] Child 2968: Child process is exiting
[Thu Mar 18 10:45:48 2010] [notice] Parent: Received restart signal -- Restarting the server.
[Thu Mar 18 10:45:48 2010] [notice] Child 2192: Exit event signaled. Child process is ending.
httpd.exe: Could not reliably determine the server's fully qualified domain name, using 192.168.7.169 for ServerName
PHP Warning:  PHP Startup: Unable to load dynamic library '../../php/ext\\php_curl.dll' - \xd5\xd2\xb2\xbb\xb5\xbd\xd6\xb8\xb6\xa8\xb5\xc4\xc4\xa3\xbf\xe9\xa1\xa3\r\n in Unknown on line 0
[Thu Mar 18 10:45:48 2010] [notice] Apache/2.2.15 (Win32) PHP/5.2.13 configured -- resuming normal operations
[Thu Mar 18 10:45:48 2010] [notice] Server built: Mar  4 2010 11:27:46
[Thu Mar 18 10:45:48 2010] [notice] Parent: Created child process 3564
httpd.exe: Could not reliably determine the server's fully qualified domain name, using 192.168.7.169 for ServerName
[Thu Mar 18 10:45:49 2010] [notice] Child 2192: Released the start mutex
httpd.exe: Could not reliably determine the server's fully qualified domain name, using 192.168.7.169 for ServerName
PHP Warning:  PHP Startup: Unable to load dynamic library '../../php/ext\\php_curl.dll' - \xd5\xd2\xb2\xbb\xb5\xbd\xd6\xb8\xb6\xa8\xb5\xc4\xc4\xa3\xbf\xe9\xa1\xa3\r\n in Unknown on line 0
[Thu Mar 18 10:45:49 2010] [notice] Child 3564: Child process is running
[Thu Mar 18 10:45:49 2010] [notice] Child 3564: Acquired the start mutex.
[Thu Mar 18 10:45:49 2010] [notice] Child 3564: Starting 64 worker threads.
[Thu Mar 18 10:45:50 2010] [notice] Child 3564: Starting thread to listen on port 80.
[Thu Mar 18 10:45:50 2010] [notice] Child 2192: All worker threads have exited.
[Thu Mar 18 10:45:50 2010] [notice] Child 2192: Child process is exiting
[Thu Mar 18 10:46:06 2010] [error] [client 192.168.7.169] client denied by server configuration: C:/wamp/local/phpmyadmin
[Thu Mar 18 10:46:57 2010] [notice] Parent: Received restart signal -- Restarting the server.
[Thu Mar 18 10:46:57 2010] [notice] Child 3564: Exit event signaled. Child process is ending.
httpd.exe: Could not reliably determine the server's fully qualified domain name, using 192.168.7.169 for ServerName
PHP Warning:  PHP Startup: Unable to load dynamic library '../../php/ext\\php_curl.dll' - \xd5\xd2\xb2\xbb\xb5\xbd\xd6\xb8\xb6\xa8\xb5\xc4\xc4\xa3\xbf\xe9\xa1\xa3\r\n in Unknown on line 0
PHP Warning:  PHP Startup: Unable to load dynamic library '../../php/ext\\php_mcrypt.dll' - \xd5\xd2\xb2\xbb\xb5\xbd\xd6\xb8\xb6\xa8\xb5\xc4\xc4\xa3\xbf\xe9\xa1\xa3\r\n in Unknown on line 0
[Thu Mar 18 10:46:57 2010] [notice] Apache/2.2.15 (Win32) PHP/5.2.13 configured -- resuming normal operations
[Thu Mar 18 10:46:57 2010] [notice] Server built: Mar  4 2010 11:27:46
[Thu Mar 18 10:46:57 2010] [notice] Parent: Created child process 1340
httpd.exe: Could not reliably determine the server's fully qualified domain name, using 192.168.7.169 for ServerName
[Thu Mar 18 10:46:58 2010] [notice] Child 3564: Released the start mutex
httpd.exe: Could not reliably determine the server's fully qualified domain name, using 192.168.7.169 for ServerName
PHP Warning:  PHP Startup: Unable to load dynamic library '../../php/ext\\php_curl.dll' - \xd5\xd2\xb2\xbb\xb5\xbd\xd6\xb8\xb6\xa8\xb5\xc4\xc4\xa3\xbf\xe9\xa1\xa3\r\n in Unknown on line 0
PHP Warning:  PHP Startup: Unable to load dynamic library '../../php/ext\\php_mcrypt.dll' - \xd5\xd2\xb2\xbb\xb5\xbd\xd6\xb8\xb6\xa8\xb5\xc4\xc4\xa3\xbf\xe9\xa1\xa3\r\n in Unknown on line 0
[Thu Mar 18 10:46:58 2010] [notice] Child 1340: Child process is running
[Thu Mar 18 10:46:58 2010] [notice] Child 1340: Acquired the start mutex.
[Thu Mar 18 10:46:58 2010] [notice] Child 1340: Starting 64 worker threads.
[Thu Mar 18 10:46:58 2010] [notice] Child 1340: Starting thread to listen on port 80.
[Thu Mar 18 10:46:59 2010] [notice] Child 3564: All worker threads have exited.
[Thu Mar 18 10:46:59 2010] [notice] Child 3564: Child process is exiting
[Thu Mar 18 10:49:44 2010] [notice] Parent: Received restart signal -- Restarting the server.
[Thu Mar 18 10:49:44 2010] [notice] Child 1340: Exit event signaled. Child process is ending.
httpd.exe: Could not reliably determine the server's fully qualified domain name, using 192.168.7.169 for ServerName
PHP Warning:  PHP Startup: Unable to load dynamic library '../../php/ext\\php_curl.dll' - \xd5\xd2\xb2\xbb\xb5\xbd\xd6\xb8\xb6\xa8\xb5\xc4\xc4\xa3\xbf\xe9\xa1\xa3\r\n in Unknown on line 0
[Thu Mar 18 10:49:44 2010] [notice] Apache/2.2.15 (Win32) PHP/5.2.13 configured -- resuming normal operations
[Thu Mar 18 10:49:44 2010] [notice] Server built: Mar  4 2010 11:27:46
[Thu Mar 18 10:49:44 2010] [notice] Parent: Created child process 3404
httpd.exe: Could not reliably determine the server's fully qualified domain name, using 192.168.7.169 for ServerName
[Thu Mar 18 10:49:45 2010] [notice] Child 1340: Released the start mutex
httpd.exe: Could not reliably determine the server's fully qualified domain name, using 192.168.7.169 for ServerName
PHP Warning:  PHP Startup: Unable to load dynamic library '../../php/ext\\php_curl.dll' - \xd5\xd2\xb2\xbb\xb5\xbd\xd6\xb8\xb6\xa8\xb5\xc4\xc4\xa3\xbf\xe9\xa1\xa3\r\n in Unknown on line 0
[Thu Mar 18 10:49:46 2010] [notice] Child 3404: Child process is running
[Thu Mar 18 10:49:46 2010] [notice] Child 3404: Acquired the start mutex.
[Thu Mar 18 10:49:46 2010] [notice] Child 3404: Starting 64 worker threads.
[Thu Mar 18 10:49:46 2010] [notice] Child 3404: Starting thread to listen on port 80.
[Thu Mar 18 10:49:46 2010] [notice] Child 1340: All worker threads have exited.
[Thu Mar 18 10:49:46 2010] [notice] Child 1340: Child process is exiting
[Thu Mar 18 11:18:45 2010] [notice] Parent: Received restart signal -- Restarting the server.
[Thu Mar 18 11:18:45 2010] [notice] Child 3404: Exit event signaled. Child process is ending.
httpd.exe: Could not reliably determine the server's fully qualified domain name, using 192.168.7.169 for ServerName
PHP Warning:  PHP Startup: Unable to load dynamic library '../../php/ext\\php_curl.dll' - \xd5\xd2\xb2\xbb\xb5\xbd\xd6\xb8\xb6\xa8\xb5\xc4\xc4\xa3\xbf\xe9\xa1\xa3\r\n in Unknown on line 0
[Thu Mar 18 11:18:46 2010] [notice] Apache/2.2.15 (Win32) PHP/5.2.13 configured -- resuming normal operations
[Thu Mar 18 11:18:46 2010] [notice] Server built: Mar  4 2010 11:27:46
[Thu Mar 18 11:18:46 2010] [notice] Parent: Created child process 1204
httpd.exe: Could not reliably determine the server's fully qualified domain name, using 192.168.7.169 for ServerName
[Thu Mar 18 11:18:46 2010] [notice] Child 3404: Released the start mutex
httpd.exe: Could not reliably determine the server's fully qualified domain name, using 192.168.7.169 for ServerName
PHP Warning:  PHP Startup: Unable to load dynamic library '../../php/ext\\php_curl.dll' - \xd5\xd2\xb2\xbb\xb5\xbd\xd6\xb8\xb6\xa8\xb5\xc4\xc4\xa3\xbf\xe9\xa1\xa3\r\n in Unknown on line 0
[Thu Mar 18 11:18:46 2010] [notice] Child 1204: Child process is running
[Thu Mar 18 11:18:46 2010] [notice] Child 1204: Acquired the start mutex.
[Thu Mar 18 11:18:46 2010] [notice] Child 1204: Starting 64 worker threads.
[Thu Mar 18 11:18:47 2010] [notice] Child 1204: Starting thread to listen on port 80.
[Thu Mar 18 11:18:47 2010] [notice] Child 3404: All worker threads have exited.
[Thu Mar 18 11:18:47 2010] [notice] Child 3404: Child process is exiting
[Thu Mar 18 11:19:25 2010] [notice] Parent: Received restart signal -- Restarting the server.
[Thu Mar 18 11:19:25 2010] [notice] Child 1204: Exit event signaled. Child process is ending.
httpd.exe: Could not reliably determine the server's fully qualified domain name, using 192.168.7.169 for ServerName
PHP Warning:  PHP Startup: Unable to load dynamic library '../../php/ext\\php_curl.dll' - \xd5\xd2\xb2\xbb\xb5\xbd\xd6\xb8\xb6\xa8\xb5\xc4\xc4\xa3\xbf\xe9\xa1\xa3\r\n in Unknown on line 0
[Thu Mar 18 11:19:25 2010] [notice] Apache/2.2.15 (Win32) PHP/5.2.13 configured -- resuming normal operations
[Thu Mar 18 11:19:25 2010] [notice] Server built: Mar  4 2010 11:27:46
[Thu Mar 18 11:19:25 2010] [notice] Parent: Created child process 1392
httpd.exe: Could not reliably determine the server's fully qualified domain name, using 192.168.7.169 for ServerName
httpd.exe: Could not reliably determine the server's fully qualified domain name, using 192.168.7.169 for ServerName
PHP Warning:  PHP Startup: Unable to load dynamic library '../../php/ext\\php_curl.dll' - \xd5\xd2\xb2\xbb\xb5\xbd\xd6\xb8\xb6\xa8\xb5\xc4\xc4\xa3\xbf\xe9\xa1\xa3\r\n in Unknown on line 0
[Thu Mar 18 11:19:26 2010] [notice] Child 1392: Child process is running
[Thu Mar 18 11:19:26 2010] [notice] Child 1204: Released the start mutex
[Thu Mar 18 11:19:26 2010] [notice] Child 1392: Acquired the start mutex.
[Thu Mar 18 11:19:26 2010] [notice] Child 1392: Starting 64 worker threads.
[Thu Mar 18 11:19:27 2010] [notice] Child 1204: All worker threads have exited.
[Thu Mar 18 11:19:27 2010] [notice] Child 1204: Child process is exiting
[Thu Mar 18 11:19:27 2010] [notice] Child 1392: Starting thread to listen on port 80.
[Thu Mar 18 11:19:50 2010] [notice] Parent: Received restart signal -- Restarting the server.
[Thu Mar 18 11:19:50 2010] [notice] Child 1392: Exit event signaled. Child process is ending.
httpd.exe: Could not reliably determine the server's fully qualified domain name, using 192.168.7.169 for ServerName
PHP Warning:  PHP Startup: Unable to load dynamic library '../../php/ext\\php_curl.dll' - \xd5\xd2\xb2\xbb\xb5\xbd\xd6\xb8\xb6\xa8\xb5\xc4\xc4\xa3\xbf\xe9\xa1\xa3\r\n in Unknown on line 0
[Thu Mar 18 11:19:50 2010] [notice] Apache/2.2.15 (Win32) PHP/5.2.13 configured -- resuming normal operations
[Thu Mar 18 11:19:50 2010] [notice] Server built: Mar  4 2010 11:27:46
[Thu Mar 18 11:19:50 2010] [notice] Parent: Created child process 1684
httpd.exe: Could not reliably determine the server's fully qualified domain name, using 192.168.7.169 for ServerName
httpd.exe: Could not reliably determine the server's fully qualified domain name, using 192.168.7.169 for ServerName
PHP Warning:  PHP Startup: Unable to load dynamic library '../../php/ext\\php_curl.dll' - \xd5\xd2\xb2\xbb\xb5\xbd\xd6\xb8\xb6\xa8\xb5\xc4\xc4\xa3\xbf\xe9\xa1\xa3\r\n in Unknown on line 0
[Thu Mar 18 11:19:50 2010] [notice] Child 1684: Child process is running
[Thu Mar 18 11:19:51 2010] [notice] Child 1392: Released the start mutex
[Thu Mar 18 11:19:51 2010] [notice] Child 1684: Acquired the start mutex.
[Thu Mar 18 11:19:51 2010] [notice] Child 1684: Starting 64 worker threads.
[Thu Mar 18 11:19:52 2010] [notice] Child 1392: All worker threads have exited.
[Thu Mar 18 11:19:52 2010] [notice] Child 1392: Child process is exiting
[Thu Mar 18 11:19:52 2010] [notice] Child 1684: Starting thread to listen on port 80.
[Thu Mar 18 11:20:56 2010] [notice] Parent: Received restart signal -- Restarting the server.
[Thu Mar 18 11:20:56 2010] [notice] Child 1684: Exit event signaled. Child process is ending.
httpd.exe: Could not reliably determine the server's fully qualified domain name, using 192.168.7.169 for ServerName
PHP Warning:  PHP Startup: Unable to load dynamic library '../../php/ext\\php_curl.dll' - \xd5\xd2\xb2\xbb\xb5\xbd\xd6\xb8\xb6\xa8\xb5\xc4\xc4\xa3\xbf\xe9\xa1\xa3\r\n in Unknown on line 0
[Thu Mar 18 11:20:56 2010] [notice] Apache/2.2.15 (Win32) PHP/5.2.13 configured -- resuming normal operations
[Thu Mar 18 11:20:56 2010] [notice] Server built: Mar  4 2010 11:27:46
[Thu Mar 18 11:20:56 2010] [notice] Parent: Created child process 3556
httpd.exe: Could not reliably determine the server's fully qualified domain name, using 192.168.7.169 for ServerName
httpd.exe: Could not reliably determine the server's fully qualified domain name, using 192.168.7.169 for ServerName
PHP Warning:  PHP Startup: Unable to load dynamic library '../../php/ext\\php_curl.dll' - \xd5\xd2\xb2\xbb\xb5\xbd\xd6\xb8\xb6\xa8\xb5\xc4\xc4\xa3\xbf\xe9\xa1\xa3\r\n in Unknown on line 0
[Thu Mar 18 11:20:57 2010] [notice] Child 3556: Child process is running
[Thu Mar 18 11:20:57 2010] [notice] Child 3556: Acquired the start mutex.
[Thu Mar 18 11:20:57 2010] [notice] Child 3556: Starting 64 worker threads.
[Thu Mar 18 11:20:57 2010] [notice] Child 1684: Released the start mutex
[Thu Mar 18 11:20:58 2010] [notice] Child 1684: All worker threads have exited.
[Thu Mar 18 11:20:58 2010] [notice] Child 1684: Child process is exiting
[Thu Mar 18 11:20:58 2010] [notice] Child 3556: Starting thread to listen on port 80.
[Thu Mar 18 11:38:25 2010] [notice] Parent: Received shutdown signal -- Shutting down the server.
[Thu Mar 18 11:38:25 2010] [notice] Child 3556: Exit event signaled. Child process is ending.
[Thu Mar 18 11:38:26 2010] [notice] Child 3556: Released the start mutex
[Thu Mar 18 11:38:27 2010] [notice] Child 3556: All worker threads have exited.
[Thu Mar 18 11:38:27 2010] [notice] Child 3556: Child process is exiting
[Thu Mar 18 11:38:27 2010] [notice] Parent: Child process exited successfully.
httpd.exe: Could not reliably determine the server's fully qualified domain name, using 192.168.7.169 for ServerName
PHP Warning:  PHP Startup: Unable to load dynamic library '../../php/ext\\php_curl.dll' - \xd5\xd2\xb2\xbb\xb5\xbd\xd6\xb8\xb6\xa8\xb5\xc4\xc4\xa3\xbf\xe9\xa1\xa3\r\n in Unknown on line 0
[Thu Mar 18 11:48:23 2010] [notice] Apache/2.2.15 (Win32) PHP/5.2.13 configured -- resuming normal operations
[Thu Mar 18 11:48:23 2010] [notice] Server built: Mar  4 2010 11:27:46
[Thu Mar 18 11:48:23 2010] [notice] Parent: Created child process 3108
httpd.exe: Could not reliably determine the server's fully qualified domain name, using 192.168.7.169 for ServerName
httpd.exe: Could not reliably determine the server's fully qualified domain name, using 192.168.7.169 for ServerName
PHP Warning:  PHP Startup: Unable to load dynamic library '../../php/ext\\php_curl.dll' - \xd5\xd2\xb2\xbb\xb5\xbd\xd6\xb8\xb6\xa8\xb5\xc4\xc4\xa3\xbf\xe9\xa1\xa3\r\n in Unknown on line 0
[Thu Mar 18 11:48:23 2010] [notice] Child 3108: Child process is running
[Thu Mar 18 11:48:23 2010] [notice] Child 3108: Acquired the start mutex.
[Thu Mar 18 11:48:23 2010] [notice] Child 3108: Starting 64 worker threads.
[Thu Mar 18 11:48:23 2010] [notice] Child 3108: Starting thread to listen on port 80.
[Thu Mar 18 13:26:01 2010] [notice] Parent: Received shutdown signal -- Shutting down the server.
[Thu Mar 18 13:26:01 2010] [notice] Child 3108: Exit event signaled. Child process is ending.
[Thu Mar 18 13:26:02 2010] [notice] Child 3108: Released the start mutex
[Thu Mar 18 13:26:03 2010] [notice] Child 3108: All worker threads have exited.
[Thu Mar 18 13:26:04 2010] [notice] Child 3108: Child process is exiting
[Thu Mar 18 13:26:05 2010] [notice] Parent: Child process exited successfully.
httpd.exe: Could not reliably determine the server's fully qualified domain name, using 192.168.7.169 for ServerName
PHP Warning:  PHP Startup: Unable to load dynamic library '../../php/ext\\php_curl.dll' - \xd5\xd2\xb2\xbb\xb5\xbd\xd6\xb8\xb6\xa8\xb5\xc4\xc4\xa3\xbf\xe9\xa1\xa3\r\n in Unknown on line 0
[Thu Mar 18 13:27:07 2010] [notice] Apache/2.2.15 (Win32) PHP/5.2.13 configured -- resuming normal operations
[Thu Mar 18 13:27:07 2010] [notice] Server built: Mar  4 2010 11:27:46
[Thu Mar 18 13:27:07 2010] [notice] Parent: Created child process 3284
httpd.exe: Could not reliably determine the server's fully qualified domain name, using 192.168.7.169 for ServerName
httpd.exe: Could not reliably determine the server's fully qualified domain name, using 192.168.7.169 for ServerName
PHP Warning:  PHP Startup: Unable to load dynamic library '../../php/ext\\php_curl.dll' - \xd5\xd2\xb2\xbb\xb5\xbd\xd6\xb8\xb6\xa8\xb5\xc4\xc4\xa3\xbf\xe9\xa1\xa3\r\n in Unknown on line 0
[Thu Mar 18 13:27:07 2010] [notice] Child 3284: Child process is running
[Thu Mar 18 13:27:07 2010] [notice] Child 3284: Acquired the start mutex.
[Thu Mar 18 13:27:07 2010] [notice] Child 3284: Starting 64 worker threads.
[Thu Mar 18 13:27:07 2010] [notice] Child 3284: Starting thread to listen on port 80.
[Thu Mar 18 13:27:58 2010] [notice] Parent: Received shutdown signal -- Shutting down the server.
[Thu Mar 18 13:27:58 2010] [notice] Child 3284: Exit event signaled. Child process is ending.
[Thu Mar 18 13:27:59 2010] [notice] Child 3284: Released the start mutex
[Thu Mar 18 13:28:00 2010] [notice] Child 3284: All worker threads have exited.
[Thu Mar 18 13:28:00 2010] [notice] Child 3284: Child process is exiting
[Thu Mar 18 13:28:00 2010] [notice] Parent: Child process exited successfully.
